Build started 16.10.2013 11:46:08.
     1>Project "D:\Belgelerim\Visual Studio 2010\Projects\HomeWork_2\HomeWork_2\HomeWork_2.vcxproj" on node 2 (build target(s)).
     1>InitializeBuildStatus:
         Creating "Debug\HomeWork_2.unsuccessfulbuild" because "AlwaysCreate" was specified.
       ClCompile:
         C:\Program Files (x86)\Microsoft Visual Studio 10.0\VC\bin\CL.exe /c /ZI /nologo /W3 /WX- /Od /Oy- /D _MBCS /Gm /EHsc /RTC1 /MDd /GS /fp:precise /Zc:wchar_t /Zc:forScope /Fo"Debug\\" /Fd"Debug\vc100.pdb" /Gd /TP /analyze- /errorReport:prompt HomeWork2.cpp
         HomeWork2.cpp
     1>d:\belgelerim\visual studio 2010\projects\homework_2\homework_2\homework2.cpp(15): warning C4996: 'scanf': This function or variable may be unsafe. Consider using scanf_s instead. To disable deprecation, use _CRT_SECURE_NO_WARNINGS. See online help for details.
                 c:\program files (x86)\microsoft visual studio 10.0\vc\include\stdio.h(304) : see declaration of 'scanf'
     1>d:\belgelerim\visual studio 2010\projects\homework_2\homework_2\homework2.cpp(34): warning C4996: 'getche': The POSIX name for this item is deprecated. Instead, use the ISO C++ conformant name: _getche. See online help for details.
                 c:\program files (x86)\microsoft visual studio 10.0\vc\include\conio.h(129) : see declaration of 'getche'
     1>d:\belgelerim\visual studio 2010\projects\homework_2\homework_2\homework2.cpp(37): warning C4996: 'getch': The POSIX name for this item is deprecated. Instead, use the ISO C++ conformant name: _getch. See online help for details.
                 c:\program files (x86)\microsoft visual studio 10.0\vc\include\conio.h(128) : see declaration of 'getch'
       Link:
         C:\Program Files (x86)\Microsoft Visual Studio 10.0\VC\bin\link.exe /ERRORREPORT:PROMPT /OUT:"D:\Belgelerim\Visual Studio 2010\Projects\HomeWork_2\Debug\HomeWork_2.exe" /NOLOGO kernel32.lib user32.lib gdi32.lib winspool.lib comdlg32.lib advapi32.lib shell32.lib ole32.lib oleaut32.lib uuid.lib odbc32.lib odbccp32.lib /MANIFEST /ManifestFile:"Debug\HomeWork_2.exe.intermediate.manifest" /MANIFESTUAC:"level='asInvoker' uiAccess='false'" /DEBUG /PDB:"D:\Belgelerim\Visual Studio 2010\Projects\HomeWork_2\Debug\HomeWork_2.pdb" /TLBID:1 /DYNAMICBASE /NXCOMPAT /IMPLIB:"D:\Belgelerim\Visual Studio 2010\Projects\HomeWork_2\Debug\HomeWork_2.lib" /MACHINE:X86 Debug\HomeWork2.obj
         LINK : D:\Belgelerim\Visual Studio 2010\Projects\HomeWork_2\Debug\HomeWork_2.exe not found or not built by the last incremental link; performing full link
         HomeWork_2.vcxproj -> D:\Belgelerim\Visual Studio 2010\Projects\HomeWork_2\Debug\HomeWork_2.exe
       Manifest:
         C:\Program Files (x86)\Microsoft SDKs\Windows\v7.0A\bin\mt.exe /nologo /verbose /outputresource:"D:\Belgelerim\Visual Studio 2010\Projects\HomeWork_2\Debug\HomeWork_2.exe;#1" /manifest Debug\HomeWork_2.exe.intermediate.manifest
       FinalizeBuildStatus:
         Deleting file "Debug\HomeWork_2.unsuccessfulbuild".
         Touching "Debug\HomeWork_2.lastbuildstate".
     1>Done Building Project "D:\Belgelerim\Visual Studio 2010\Projects\HomeWork_2\HomeWork_2\HomeWork_2.vcxproj" (build target(s)).

Build succeeded.

Time Elapsed 00:00:01.74
